d:\users\michael\documents\visual studio 2015\projects\cs408 assignment 1 version 1\cs408 assignment 1 version 1\debug\vc140.pdb
d:\users\michael\documents\visual studio 2015\projects\cs408 assignment 1 version 1\cs408 assignment 1 version 1\debug\vc140.idb
d:\users\michael\documents\visual studio 2015\projects\cs408 assignment 1 version 1\cs408 assignment 1 version 1\debug\stdafx.obj
d:\users\michael\documents\visual studio 2015\projects\cs408 assignment 1 version 1\cs408 assignment 1 version 1\debug\cs408 assignment 1 version 1.obj
d:\users\michael\documents\visual studio 2015\projects\cs408 assignment 1 version 1\cs408 assignment 1 version 1\debug\set.obj
c:\users\michael\desktop\projects\cs 408\assignment1\version1\c++\cs408 assignment 1 version 1\cs408 assignment 1 version 1\debug\vc140.pdb
c:\users\michael\desktop\projects\cs 408\assignment1\version1\c++\cs408 assignment 1 version 1\cs408 assignment 1 version 1\debug\vc140.idb
c:\users\michael\desktop\projects\cs 408\assignment1\version1\c++\cs408 assignment 1 version 1\cs408 assignment 1 version 1\debug\cs408 assignment 1 version 1.obj
c:\users\michael\desktop\projects\cs 408\assignment1\version1\c++\cs408 assignment 1 version 1\cs408 assignment 1 version 1\debug\set.obj
c:\users\michael\desktop\projects\cs 408\assignment1\version1\c++\cs408 assignment 1 version 1\cs408 assignment 1 version 1\debug\stdafx.obj
d:\users\michael\documents\visual studio 2015\projects\cs408 assignment 1 version 1\debug\cs408 assignment 1 version 1.ilk
d:\users\michael\documents\visual studio 2015\projects\cs408 assignment 1 version 1\debug\cs408 assignment 1 version 1.exe
d:\users\michael\documents\visual studio 2015\projects\cs408 assignment 1 version 1\debug\cs408 assignment 1 version 1.pdb
c:\users\michael\desktop\projects\cs 408\assignment1\version1\c++\cs408 assignment 1 version 1\debug\cs408 assignment 1 version 1.ilk
c:\users\michael\desktop\projects\cs 408\assignment1\version1\c++\cs408 assignment 1 version 1\debug\cs408 assignment 1 version 1.exe
c:\users\michael\desktop\projects\cs 408\assignment1\version1\c++\cs408 assignment 1 version 1\debug\cs408 assignment 1 version 1.pdb
c:\users\michael\desktop\projects\cs 408\assignment1\version1\c++\cs408 assignment 1 version 1\cs408 assignment 1 version 1\debug\cs408 assignment 1 version 1.obj.enc
c:\users\michael\desktop\projects\cs 408\assignment1\version1\c++\cs408 assignment 1 version 1\cs408 assignment 1 version 1\debug\cs408 as.9665d795.tlog\cl.command.1.tlog
c:\users\michael\desktop\projects\cs 408\assignment1\version1\c++\cs408 assignment 1 version 1\cs408 assignment 1 version 1\debug\cs408 as.9665d795.tlog\cl.read.1.tlog
c:\users\michael\desktop\projects\cs 408\assignment1\version1\c++\cs408 assignment 1 version 1\cs408 assignment 1 version 1\debug\cs408 as.9665d795.tlog\cl.write.1.tlog
c:\users\michael\desktop\projects\cs 408\assignment1\version1\c++\cs408 assignment 1 version 1\cs408 assignment 1 version 1\debug\cs408 as.9665d795.tlog\link.command.1.tlog
c:\users\michael\desktop\projects\cs 408\assignment1\version1\c++\cs408 assignment 1 version 1\cs408 assignment 1 version 1\debug\cs408 as.9665d795.tlog\link.read.1.tlog
c:\users\michael\desktop\projects\cs 408\assignment1\version1\c++\cs408 assignment 1 version 1\cs408 assignment 1 version 1\debug\cs408 as.9665d795.tlog\link.write.1.tlog
